# JRE version: Java(TM) SE Runtime Environment (17.0.12+8) (build 17.0.12+8-LTS-286)
# Java VM: Java HotSpot(TM) 64-Bit Server VM (17.0.12+8-LTS-286, mixed mode, emulated-client, sharing, tiered, compressed oops, compressed class ptrs, g1 gc, bsd-amd64)
GC Precious Log:
 CPUs: 8 total, 8 available
 Memory: 8192M
 Large Page Support: Disabled
 NUMA Support: Disabled
 Compressed Oops: Enabled (Zero based)
 Heap Region Size: 1M
 Heap Min Capacity: 8M
 Heap Initial Capacity: 128M
 Heap Max Capacity: 2G
 Pre-touch: Disabled
 Parallel Workers: 8
 Concurrent Workers: 2
 Concurrent Refinement Workers: 8
 Periodic GC: Disabled
Heap:
 garbage-first heap   total 102400K, used 48111K [0x0000000780000000, 0x0000000800000000)
  region size 1024K, 5 young (5120K), 2 survivors (2048K)
 Metaspace       used 85168K, committed 86336K, reserved 1179648K
  class space    used 12302K, committed 12800K, reserved 1048576K
GC Heap History (20 events):
Event: 25.781 GC heap before
{Heap before GC invocations=24 (full 0):
 garbage-first heap   total 102400K, used 69428K [0x0000000780000000, 0x0000000800000000)
  region size 1024K, 26 young (26624K), 1 survivors (1024K)
 Metaspace       used 80385K, committed 81088K, reserved 1179648K
  class space    used 11780K, committed 12096K, reserved 1048576K
}
Event: 25.784 GC heap after
{Heap after GC invocations=25 (full 0):
 garbage-first heap   total 102400K, used 44820K [0x0000000780000000, 0x0000000800000000)
  region size 1024K, 2 young (2048K), 2 survivors (2048K)
 Metaspace       used 80385K, committed 81088K, reserved 1179648K
  class space    used 11780K, committed 12096K, reserved 1048576K
}
Event: 25.828 GC heap before
{Heap before GC invocations=25 (full 0):
 garbage-first heap   total 102400K, used 47892K [0x0000000780000000, 0x0000000800000000)
  region size 1024K, 5 young (5120K), 2 survivors (2048K)
 Metaspace       used 80838K, committed 81600K, reserved 1179648K
  class space    used 11842K, committed 12160K, reserved 1048576K
}
Event: 25.831 GC heap after
{Heap after GC invocations=26 (full 0):
 garbage-first heap   total 102400K, used 44731K [0x0000000780000000, 0x0000000800000000)
  region size 1024K, 1 young (1024K), 1 survivors (1024K)
 Metaspace       used 80838K, committed 81600K, reserved 1179648K
  class space    used 11842K, committed 12160K, reserved 1048576K
}
Event: 27.081 GC heap before
{Heap before GC invocations=26 (full 0):
 garbage-first heap   total 102400K, used 81595K [0x0000000780000000, 0x0000000800000000)
  region size 1024K, 38 young (38912K), 1 survivors (1024K)
 Metaspace       used 82700K, committed 83392K, reserved 1179648K
  class space    used 12011K, committed 12352K, reserved 1048576K
}
Event: 27.083 GC heap after
{Heap after GC invocations=27 (full 0):
 garbage-first heap   total 102400K, used 46699K [0x0000000780000000, 0x0000000800000000)
  region size 1024K, 3 young (3072K), 3 survivors (3072K)
 Metaspace       used 82700K, committed 83392K, reserved 1179648K
  class space    used 12011K, committed 12352K, reserved 1048576K
}
Event: 103.987 GC heap before
{Heap before GC invocations=27 (full 0):
 garbage-first heap   total 102400K, used 82539K [0x0000000780000000, 0x0000000800000000)
  region size 1024K, 38 young (38912K), 3 survivors (3072K)
 Metaspace       used 85056K, committed 85888K, reserved 1179648K
  class space    used 12292K, committed 12672K, reserved 1048576K
}
Event: 103.994 GC heap after
{Heap after GC invocations=28 (full 0):
 garbage-first heap   total 102400K, used 48245K [0x0000000780000000, 0x0000000800000000)
  region size 1024K, 4 young (4096K), 4 survivors (4096K)
 Metaspace       used 85056K, committed 85888K, reserved 1179648K
  class space    used 12292K, committed 12672K, reserved 1048576K
}
Event: 764.463 GC heap before
{Heap before GC invocations=28 (full 0):
 garbage-first heap   total 102400K, used 84085K [0x0000000780000000, 0x0000000800000000)
  region size 1024K, 39 young (39936K), 4 survivors (4096K)
 Metaspace       used 85057K, committed 85888K, reserved 1179648K
  class space    used 12292K, committed 12672K, reserved 1048576K
}
Event: 764.549 GC heap after
{Heap after GC invocations=29 (full 0):
 garbage-first heap   total 102400K, used 48448K [0x0000000780000000, 0x0000000800000000)
  region size 1024K, 2 young (2048K), 2 survivors (2048K)
 Metaspace       used 85057K, committed 85888K, reserved 1179648K
  class space    used 12292K, committed 12672K, reserved 1048576K
}
Event: 1149.828 GC heap before
{Heap before GC invocations=29 (full 0):
 garbage-first heap   total 102400K, used 85312K [0x0000000780000000, 0x0000000800000000)
  region size 1024K, 38 young (38912K), 2 survivors (2048K)
 Metaspace       used 85444K, committed 86336K, reserved 1179648K
  class space    used 12365K, committed 12800K, reserved 1048576K
}
Event: 1150.570 GC heap after
{Heap after GC invocations=30 (full 0):
 garbage-first heap   total 102400K, used 48860K [0x0000000780000000, 0x0000000800000000)
  region size 1024K, 3 young (3072K), 3 survivors (3072K)
 Metaspace       used 85444K, committed 86336K, reserved 1179648K
  class space    used 12365K, committed 12800K, reserved 1048576K
}
Event: 1363.007 GC heap before
{Heap before GC invocations=31 (full 0):
 garbage-first heap   total 102400K, used 70364K [0x0000000780000000, 0x0000000800000000)
  region size 1024K, 24 young (24576K), 3 survivors (3072K)
 Metaspace       used 85094K, committed 86336K, reserved 1179648K
  class space    used 12286K, committed 12800K, reserved 1048576K
}
Event: 1363.096 GC heap after
{Heap after GC invocations=32 (full 0):
 garbage-first heap   total 102400K, used 49064K [0x0000000780000000, 0x0000000800000000)
  region size 1024K, 1 young (1024K), 1 survivors (1024K)
 Metaspace       used 85094K, committed 86336K, reserved 1179648K
  class space    used 12286K, committed 12800K, reserved 1048576K
}
Event: 1372.163 GC heap before
{Heap before GC invocations=32 (full 0):
 garbage-first heap   total 102400K, used 53160K [0x0000000780000000, 0x0000000800000000)
  region size 1024K, 5 young (5120K), 1 survivors (1024K)
 Metaspace       used 85094K, committed 86336K, reserved 1179648K
  class space    used 12286K, committed 12800K, reserved 1048576K
}
Event: 1372.207 GC heap after
{Heap after GC invocations=33 (full 0):
 garbage-first heap   total 102400K, used 47189K [0x0000000780000000, 0x0000000800000000)
  region size 1024K, 1 young (1024K), 1 survivors (1024K)
 Metaspace       used 85094K, committed 86336K, reserved 1179648K
  class space    used 12286K, committed 12800K, reserved 1048576K
}
Event: 1451.880 GC heap before
{Heap before GC invocations=33 (full 0):
 garbage-first heap   total 102400K, used 51285K [0x0000000780000000, 0x0000000800000000)
  region size 1024K, 5 young (5120K), 1 survivors (1024K)
 Metaspace       used 85094K, committed 86336K, reserved 1179648K
  class space    used 12286K, committed 12800K, reserved 1048576K
}
Event: 1452.081 GC heap after
{Heap after GC invocations=34 (full 0):
 garbage-first heap   total 102400K, used 45866K [0x0000000780000000, 0x0000000800000000)
  region size 1024K, 1 young (1024K), 1 survivors (1024K)
 Metaspace       used 85094K, committed 86336K, reserved 1179648K
  class space    used 12286K, committed 12800K, reserved 1048576K
}
Event: 1917.704 GC heap before
{Heap before GC invocations=34 (full 0):
 garbage-first heap   total 102400K, used 85802K [0x0000000780000000, 0x0000000800000000)
  region size 1024K, 40 young (40960K), 1 survivors (1024K)
 Metaspace       used 85168K, committed 86336K, reserved 1179648K
  class space    used 12302K, committed 12800K, reserved 1048576K
}
Event: 1917.748 GC heap after
{Heap after GC invocations=35 (full 0):
 garbage-first heap   total 102400K, used 47087K [0x0000000780000000, 0x0000000800000000)
  region size 1024K, 2 young (2048K), 2 survivors (2048K)
 Metaspace       used 85168K, committed 86336K, reserved 1179648K
  class space    used 12302K, committed 12800K, reserved 1048576K
}

