# JRE version: Java(TM) SE Runtime Environment (17.0.12+8) (build 17.0.12+8-LTS-286)
# Java VM: Java HotSpot(TM) 64-Bit Server VM (17.0.12+8-LTS-286, mixed mode, emulated-client, sharing, tiered, compressed oops, compressed class ptrs, g1 gc, bsd-amd64)
GC Precious Log:
 CPUs: 8 total, 8 available
 Memory: 8192M
 Large Page Support: Disabled
 NUMA Support: Disabled
 Compressed Oops: Enabled (Zero based)
 Heap Region Size: 1M
 Heap Min Capacity: 8M
 Heap Initial Capacity: 128M
 Heap Max Capacity: 2G
 Pre-touch: Disabled
 Parallel Workers: 8
 Concurrent Workers: 2
 Concurrent Refinement Workers: 8
 Periodic GC: Disabled
Heap:
 garbage-first heap   total 92160K, used 45052K [0x0000000780000000, 0x0000000800000000)
  region size 1024K, 6 young (6144K), 2 survivors (2048K)
 Metaspace       used 78471K, committed 79232K, reserved 1179648K
  class space    used 11510K, committed 11840K, reserved 1048576K
GC Heap History (20 events):
Event: 8.289 GC heap before
{Heap before GC invocations=17 (full 0):
 garbage-first heap   total 92160K, used 72300K [0x0000000780000000, 0x0000000800000000)
  region size 1024K, 41 young (41984K), 6 survivors (6144K)
 Metaspace       used 70681K, committed 71360K, reserved 1114112K
  class space    used 10392K, committed 10688K, reserved 1048576K
}
Event: 8.294 GC heap after
{Heap after GC invocations=18 (full 0):
 garbage-first heap   total 92160K, used 39167K [0x0000000780000000, 0x0000000800000000)
  region size 1024K, 6 young (6144K), 6 survivors (6144K)
 Metaspace       used 70681K, committed 71360K, reserved 1114112K
  class space    used 10392K, committed 10688K, reserved 1048576K
}
Event: 11.899 GC heap before
{Heap before GC invocations=18 (full 0):
 garbage-first heap   total 92160K, used 70911K [0x0000000780000000, 0x0000000800000000)
  region size 1024K, 38 young (38912K), 6 survivors (6144K)
 Metaspace       used 77157K, committed 77824K, reserved 1179648K
  class space    used 11301K, committed 11584K, reserved 1048576K
}
Event: 11.906 GC heap after
{Heap after GC invocations=19 (full 0):
 garbage-first heap   total 92160K, used 40988K [0x0000000780000000, 0x0000000800000000)
  region size 1024K, 3 young (3072K), 3 survivors (3072K)
 Metaspace       used 77157K, committed 77824K, reserved 1179648K
  class space    used 11301K, committed 11584K, reserved 1048576K
}
Event: 241.285 GC heap before
{Heap before GC invocations=19 (full 0):
 garbage-first heap   total 92160K, used 72732K [0x0000000780000000, 0x0000000800000000)
  region size 1024K, 34 young (34816K), 3 survivors (3072K)
 Metaspace       used 78152K, committed 78848K, reserved 1179648K
  class space    used 11462K, committed 11776K, reserved 1048576K
}
Event: 241.335 GC heap after
{Heap after GC invocations=20 (full 0):
 garbage-first heap   total 92160K, used 41544K [0x0000000780000000, 0x0000000800000000)
  region size 1024K, 3 young (3072K), 3 survivors (3072K)
 Metaspace       used 78152K, committed 78848K, reserved 1179648K
  class space    used 11462K, committed 11776K, reserved 1048576K
}
Event: 774.858 GC heap before
{Heap before GC invocations=20 (full 0):
 garbage-first heap   total 92160K, used 74312K [0x0000000780000000, 0x0000000800000000)
  region size 1024K, 35 young (35840K), 3 survivors (3072K)
 Metaspace       used 78153K, committed 78848K, reserved 1179648K
  class space    used 11462K, committed 11776K, reserved 1048576K
}
Event: 774.902 GC heap after
{Heap after GC invocations=21 (full 0):
 garbage-first heap   total 92160K, used 40860K [0x0000000780000000, 0x0000000800000000)
  region size 1024K, 2 young (2048K), 2 survivors (2048K)
 Metaspace       used 78153K, committed 78848K, reserved 1179648K
  class space    used 11462K, committed 11776K, reserved 1048576K
}
Event: 1351.135 GC heap before
{Heap before GC invocations=21 (full 0):
 garbage-first heap   total 92160K, used 75676K [0x0000000780000000, 0x0000000800000000)
  region size 1024K, 36 young (36864K), 2 survivors (2048K)
 Metaspace       used 78155K, committed 78848K, reserved 1179648K
  class space    used 11463K, committed 11776K, reserved 1048576K
}
Event: 1351.169 GC heap after
{Heap after GC invocations=22 (full 0):
 garbage-first heap   total 92160K, used 40860K [0x0000000780000000, 0x0000000800000000)
  region size 1024K, 2 young (2048K), 2 survivors (2048K)
 Metaspace       used 78155K, committed 78848K, reserved 1179648K
  class space    used 11463K, committed 11776K, reserved 1048576K
}
Event: 1869.227 GC heap before
{Heap before GC invocations=22 (full 0):
 garbage-first heap   total 92160K, used 75676K [0x0000000780000000, 0x0000000800000000)
  region size 1024K, 36 young (36864K), 2 survivors (2048K)
 Metaspace       used 78210K, committed 78912K, reserved 1179648K
  class space    used 11473K, committed 11776K, reserved 1048576K
}
Event: 1869.346 GC heap after
{Heap after GC invocations=23 (full 0):
 garbage-first heap   total 92160K, used 41497K [0x0000000780000000, 0x0000000800000000)
  region size 1024K, 3 young (3072K), 3 survivors (3072K)
 Metaspace       used 78210K, committed 78912K, reserved 1179648K
  class space    used 11473K, committed 11776K, reserved 1048576K
}
Event: 2321.209 GC heap before
{Heap before GC invocations=23 (full 0):
 garbage-first heap   total 92160K, used 76313K [0x0000000780000000, 0x0000000800000000)
  region size 1024K, 37 young (37888K), 3 survivors (3072K)
 Metaspace       used 78210K, committed 78912K, reserved 1179648K
  class space    used 11473K, committed 11776K, reserved 1048576K
}
Event: 2321.285 GC heap after
{Heap after GC invocations=24 (full 0):
 garbage-first heap   total 92160K, used 41598K [0x0000000780000000, 0x0000000800000000)
  region size 1024K, 3 young (3072K), 3 survivors (3072K)
 Metaspace       used 78210K, committed 78912K, reserved 1179648K
  class space    used 11473K, committed 11776K, reserved 1048576K
}
Event: 2559.391 GC heap before
{Heap before GC invocations=24 (full 0):
 garbage-first heap   total 92160K, used 77438K [0x0000000780000000, 0x0000000800000000)
  region size 1024K, 38 young (38912K), 3 survivors (3072K)
 Metaspace       used 78237K, committed 78976K, reserved 1179648K
  class space    used 11478K, committed 11840K, reserved 1048576K
}
Event: 2559.507 GC heap after
{Heap after GC invocations=25 (full 0):
 garbage-first heap   total 92160K, used 41727K [0x0000000780000000, 0x0000000800000000)
  region size 1024K, 3 young (3072K), 3 survivors (3072K)
 Metaspace       used 78237K, committed 78976K, reserved 1179648K
  class space    used 11478K, committed 11840K, reserved 1048576K
}
Event: 2876.229 GC heap before
{Heap before GC invocations=25 (full 0):
 garbage-first heap   total 92160K, used 77567K [0x0000000780000000, 0x0000000800000000)
  region size 1024K, 38 young (38912K), 3 survivors (3072K)
 Metaspace       used 78378K, committed 79168K, reserved 1179648K
  class space    used 11499K, committed 11840K, reserved 1048576K
}
Event: 2876.307 GC heap after
{Heap after GC invocations=26 (full 0):
 garbage-first heap   total 92160K, used 41967K [0x0000000780000000, 0x0000000800000000)
  region size 1024K, 2 young (2048K), 2 survivors (2048K)
 Metaspace       used 78378K, committed 79168K, reserved 1179648K
  class space    used 11499K, committed 11840K, reserved 1048576K
}
Event: 3247.714 GC heap before
{Heap before GC invocations=26 (full 0):
 garbage-first heap   total 92160K, used 77807K [0x0000000780000000, 0x0000000800000000)
  region size 1024K, 37 young (37888K), 2 survivors (2048K)
 Metaspace       used 78467K, committed 79232K, reserved 1179648K
  class space    used 11509K, committed 11840K, reserved 1048576K
}
Event: 3247.783 GC heap after
{Heap after GC invocations=27 (full 0):
 garbage-first heap   total 92160K, used 41980K [0x0000000780000000, 0x0000000800000000)
  region size 1024K, 2 young (2048K), 2 survivors (2048K)
 Metaspace       used 78467K, committed 79232K, reserved 1179648K
  class space    used 11509K, committed 11840K, reserved 1048576K
}

