# JRE version: Java(TM) SE Runtime Environment (17.0.12+8) (build 17.0.12+8-LTS-286)
# Java VM: Java HotSpot(TM) 64-Bit Server VM (17.0.12+8-LTS-286, mixed mode, emulated-client, sharing, tiered, compressed oops, compressed class ptrs, g1 gc, bsd-amd64)
GC Precious Log:
 CPUs: 8 total, 8 available
 Memory: 8192M
 Large Page Support: Disabled
 NUMA Support: Disabled
 Compressed Oops: Enabled (Zero based)
 Heap Region Size: 1M
 Heap Min Capacity: 8M
 Heap Initial Capacity: 128M
 Heap Max Capacity: 2G
 Pre-touch: Disabled
 Parallel Workers: 8
 Concurrent Workers: 2
 Concurrent Refinement Workers: 8
 Periodic GC: Disabled
Heap:
 garbage-first heap   total 190464K, used 40728K [0x0000000780000000, 0x0000000800000000)
  region size 1024K, 4 young (4096K), 3 survivors (3072K)
 Metaspace       used 73306K, committed 73984K, reserved 1114112K
  class space    used 10685K, committed 11008K, reserved 1048576K
GC Heap History (20 events):
Event: 2609.540 GC heap before
{Heap before GC invocations=37 (full 1):
 garbage-first heap   total 61440K, used 46673K [0x0000000780000000, 0x0000000800000000)
  region size 1024K, 24 young (24576K), 3 survivors (3072K)
 Metaspace       used 65366K, committed 65984K, reserved 1114112K
  class space    used 9490K, committed 9792K, reserved 1048576K
}
Event: 2609.669 GC heap after
{Heap after GC invocations=38 (full 1):
 garbage-first heap   total 61440K, used 27107K [0x0000000780000000, 0x0000000800000000)
  region size 1024K, 3 young (3072K), 3 survivors (3072K)
 Metaspace       used 65366K, committed 65984K, reserved 1114112K
  class space    used 9490K, committed 9792K, reserved 1048576K
}
Event: 2609.827 GC heap before
{Heap before GC invocations=38 (full 1):
 garbage-first heap   total 61440K, used 28131K [0x0000000780000000, 0x0000000800000000)
  region size 1024K, 4 young (4096K), 3 survivors (3072K)
 Metaspace       used 65366K, committed 65984K, reserved 1114112K
  class space    used 9490K, committed 9792K, reserved 1048576K
}
Event: 2609.850 GC heap after
{Heap after GC invocations=39 (full 1):
 garbage-first heap   total 61440K, used 27246K [0x0000000780000000, 0x0000000800000000)
  region size 1024K, 1 young (1024K), 1 survivors (1024K)
 Metaspace       used 65366K, committed 65984K, reserved 1114112K
  class space    used 9490K, committed 9792K, reserved 1048576K
}
Event: 2613.367 GC heap before
{Heap before GC invocations=39 (full 1):
 garbage-first heap   total 61440K, used 44654K [0x0000000780000000, 0x0000000800000000)
  region size 1024K, 19 young (19456K), 1 survivors (1024K)
 Metaspace       used 65490K, committed 66048K, reserved 1114112K
  class space    used 9512K, committed 9792K, reserved 1048576K
}
Event: 2613.424 GC heap after
{Heap after GC invocations=40 (full 1):
 garbage-first heap   total 61440K, used 29213K [0x0000000780000000, 0x0000000800000000)
  region size 1024K, 3 young (3072K), 3 survivors (3072K)
 Metaspace       used 65490K, committed 66048K, reserved 1114112K
  class space    used 9512K, committed 9792K, reserved 1048576K
}
Event: 2617.843 GC heap before
{Heap before GC invocations=41 (full 1):
 garbage-first heap   total 63488K, used 44573K [0x0000000780000000, 0x0000000800000000)
  region size 1024K, 18 young (18432K), 3 survivors (3072K)
 Metaspace       used 65865K, committed 66368K, reserved 1114112K
  class space    used 9572K, committed 9792K, reserved 1048576K
}
Event: 2617.904 GC heap after
{Heap after GC invocations=42 (full 1):
 garbage-first heap   total 63488K, used 29466K [0x0000000780000000, 0x0000000800000000)
  region size 1024K, 2 young (2048K), 2 survivors (2048K)
 Metaspace       used 65865K, committed 66368K, reserved 1114112K
  class space    used 9572K, committed 9792K, reserved 1048576K
}
Event: 2620.707 GC heap before
{Heap before GC invocations=42 (full 1):
 garbage-first heap   total 63488K, used 46874K [0x0000000780000000, 0x0000000800000000)
  region size 1024K, 19 young (19456K), 2 survivors (2048K)
 Metaspace       used 65910K, committed 66432K, reserved 1114112K
  class space    used 9582K, committed 9792K, reserved 1048576K
}
Event: 2620.749 GC heap after
{Heap after GC invocations=43 (full 1):
 garbage-first heap   total 95232K, used 31086K [0x0000000780000000, 0x0000000800000000)
  region size 1024K, 3 young (3072K), 3 survivors (3072K)
 Metaspace       used 65910K, committed 66432K, reserved 1114112K
  class space    used 9582K, committed 9792K, reserved 1048576K
}
Event: 2626.383 GC heap before
{Heap before GC invocations=44 (full 1):
 garbage-first heap   total 95232K, used 67950K [0x0000000780000000, 0x0000000800000000)
  region size 1024K, 39 young (39936K), 3 survivors (3072K)
 Metaspace       used 66100K, committed 66688K, reserved 1114112K
  class space    used 9602K, committed 9856K, reserved 1048576K
}
Event: 2626.452 GC heap after
{Heap after GC invocations=45 (full 1):
 garbage-first heap   total 95232K, used 33702K [0x0000000780000000, 0x0000000800000000)
  region size 1024K, 5 young (5120K), 5 survivors (5120K)
 Metaspace       used 66100K, committed 66688K, reserved 1114112K
  class space    used 9602K, committed 9856K, reserved 1048576K
}
Event: 2631.965 GC heap before
{Heap before GC invocations=45 (full 1):
 garbage-first heap   total 95232K, used 68518K [0x0000000780000000, 0x0000000800000000)
  region size 1024K, 39 young (39936K), 5 survivors (5120K)
 Metaspace       used 66494K, committed 67072K, reserved 1114112K
  class space    used 9633K, committed 9856K, reserved 1048576K
}
Event: 2632.210 GC heap after
{Heap after GC invocations=46 (full 1):
 garbage-first heap   total 95232K, used 37007K [0x0000000780000000, 0x0000000800000000)
  region size 1024K, 4 young (4096K), 4 survivors (4096K)
 Metaspace       used 66494K, committed 67072K, reserved 1114112K
  class space    used 9633K, committed 9856K, reserved 1048576K
}
Event: 2636.563 GC heap before
{Heap before GC invocations=47 (full 1):
 garbage-first heap   total 95232K, used 68751K [0x0000000780000000, 0x0000000800000000)
  region size 1024K, 36 young (36864K), 4 survivors (4096K)
 Metaspace       used 69956K, committed 70592K, reserved 1114112K
  class space    used 10144K, committed 10432K, reserved 1048576K
}
Event: 2636.608 GC heap after
{Heap after GC invocations=48 (full 1):
 garbage-first heap   total 95232K, used 40108K [0x0000000780000000, 0x0000000800000000)
  region size 1024K, 4 young (4096K), 4 survivors (4096K)
 Metaspace       used 69956K, committed 70592K, reserved 1114112K
  class space    used 10144K, committed 10432K, reserved 1048576K
}
Event: 2636.668 GC heap before
{Heap before GC invocations=48 (full 1):
 garbage-first heap   total 95232K, used 41132K [0x0000000780000000, 0x0000000800000000)
  region size 1024K, 5 young (5120K), 4 survivors (4096K)
 Metaspace       used 70164K, committed 70784K, reserved 1114112K
  class space    used 10176K, committed 10432K, reserved 1048576K
}
Event: 2636.693 GC heap after
{Heap after GC invocations=49 (full 1):
 garbage-first heap   total 95232K, used 39009K [0x0000000780000000, 0x0000000800000000)
  region size 1024K, 1 young (1024K), 1 survivors (1024K)
 Metaspace       used 70164K, committed 70784K, reserved 1114112K
  class space    used 10176K, committed 10432K, reserved 1048576K
}
Event: 2698.268 GC heap before
{Heap before GC invocations=49 (full 1):
 garbage-first heap   total 95232K, used 69729K [0x0000000780000000, 0x0000000800000000)
  region size 1024K, 32 young (32768K), 1 survivors (1024K)
 Metaspace       used 73306K, committed 73984K, reserved 1114112K
  class space    used 10685K, committed 11008K, reserved 1048576K
}
Event: 2698.495 GC heap after
{Heap after GC invocations=50 (full 1):
 garbage-first heap   total 190464K, used 40728K [0x0000000780000000, 0x0000000800000000)
  region size 1024K, 3 young (3072K), 3 survivors (3072K)
 Metaspace       used 73306K, committed 73984K, reserved 1114112K
  class space    used 10685K, committed 11008K, reserved 1048576K
}

