# JRE version: Java(TM) SE Runtime Environment (17.0.12+8) (build 17.0.12+8-LTS-286)
# Java VM: Java HotSpot(TM) 64-Bit Server VM (17.0.12+8-LTS-286, mixed mode, emulated-client, sharing, tiered, compressed oops, compressed class ptrs, g1 gc, bsd-amd64)
GC Precious Log:
 CPUs: 8 total, 8 available
 Memory: 8192M
 Large Page Support: Disabled
 NUMA Support: Disabled
 Compressed Oops: Enabled (Zero based)
 Heap Region Size: 1M
 Heap Min Capacity: 8M
 Heap Initial Capacity: 128M
 Heap Max Capacity: 2G
 Pre-touch: Disabled
 Parallel Workers: 8
 Concurrent Workers: 2
 Concurrent Refinement Workers: 8
 Periodic GC: Disabled
Heap:
 garbage-first heap   total 82944K, used 59634K [0x0000000780000000, 0x0000000800000000)
  region size 1024K, 22 young (22528K), 1 survivors (1024K)
 Metaspace       used 82445K, committed 83072K, reserved 1179648K
  class space    used 11925K, committed 12224K, reserved 1048576K
GC Heap History (20 events):
Event: 5957.394 GC heap before
{Heap before GC invocations=46 (full 0):
 garbage-first heap   total 82944K, used 43115K [0x0000000780000000, 0x0000000800000000)
  region size 1024K, 4 young (4096K), 1 survivors (1024K)
 Metaspace       used 82142K, committed 82816K, reserved 1179648K
  class space    used 11872K, committed 12160K, reserved 1048576K
}
Event: 5957.442 GC heap after
{Heap after GC invocations=47 (full 0):
 garbage-first heap   total 82944K, used 39520K [0x0000000780000000, 0x0000000800000000)
  region size 1024K, 1 young (1024K), 1 survivors (1024K)
 Metaspace       used 82142K, committed 82816K, reserved 1179648K
  class space    used 11872K, committed 12160K, reserved 1048576K
}
Event: 6585.862 GC heap before
{Heap before GC invocations=47 (full 0):
 garbage-first heap   total 82944K, used 68192K [0x0000000780000000, 0x0000000800000000)
  region size 1024K, 29 young (29696K), 1 survivors (1024K)
 Metaspace       used 82142K, committed 82816K, reserved 1179648K
  class space    used 11872K, committed 12160K, reserved 1048576K
}
Event: 6585.883 GC heap after
{Heap after GC invocations=48 (full 0):
 garbage-first heap   total 82944K, used 39509K [0x0000000780000000, 0x0000000800000000)
  region size 1024K, 1 young (1024K), 1 survivors (1024K)
 Metaspace       used 82142K, committed 82816K, reserved 1179648K
  class space    used 11872K, committed 12160K, reserved 1048576K
}
Event: 7207.060 GC heap before
{Heap before GC invocations=49 (full 0):
 garbage-first heap   total 82944K, used 69205K [0x0000000780000000, 0x0000000800000000)
  region size 1024K, 30 young (30720K), 1 survivors (1024K)
 Metaspace       used 82142K, committed 82816K, reserved 1179648K
  class space    used 11872K, committed 12160K, reserved 1048576K
}
Event: 7207.076 GC heap after
{Heap after GC invocations=50 (full 0):
 garbage-first heap   total 82944K, used 40108K [0x0000000780000000, 0x0000000800000000)
  region size 1024K, 1 young (1024K), 1 survivors (1024K)
 Metaspace       used 82142K, committed 82816K, reserved 1179648K
  class space    used 11872K, committed 12160K, reserved 1048576K
}
Event: 7267.430 GC heap before
{Heap before GC invocations=50 (full 0):
 garbage-first heap   total 82944K, used 43180K [0x0000000780000000, 0x0000000800000000)
  region size 1024K, 4 young (4096K), 1 survivors (1024K)
 Metaspace       used 82142K, committed 82816K, reserved 1179648K
  class space    used 11872K, committed 12160K, reserved 1048576K
}
Event: 7267.465 GC heap after
{Heap after GC invocations=51 (full 0):
 garbage-first heap   total 82944K, used 39583K [0x0000000780000000, 0x0000000800000000)
  region size 1024K, 1 young (1024K), 1 survivors (1024K)
 Metaspace       used 82142K, committed 82816K, reserved 1179648K
  class space    used 11872K, committed 12160K, reserved 1048576K
}
Event: 7881.644 GC heap before
{Heap before GC invocations=51 (full 0):
 garbage-first heap   total 82944K, used 68255K [0x0000000780000000, 0x0000000800000000)
  region size 1024K, 29 young (29696K), 1 survivors (1024K)
 Metaspace       used 82142K, committed 82816K, reserved 1179648K
  class space    used 11872K, committed 12160K, reserved 1048576K
}
Event: 7881.653 GC heap after
{Heap after GC invocations=52 (full 0):
 garbage-first heap   total 82944K, used 39567K [0x0000000780000000, 0x0000000800000000)
  region size 1024K, 1 young (1024K), 1 survivors (1024K)
 Metaspace       used 82142K, committed 82816K, reserved 1179648K
  class space    used 11872K, committed 12160K, reserved 1048576K
}
Event: 8503.415 GC heap before
{Heap before GC invocations=53 (full 0):
 garbage-first heap   total 82944K, used 69263K [0x0000000780000000, 0x0000000800000000)
  region size 1024K, 30 young (30720K), 1 survivors (1024K)
 Metaspace       used 82142K, committed 82816K, reserved 1179648K
  class space    used 11872K, committed 12160K, reserved 1048576K
}
Event: 8503.433 GC heap after
{Heap after GC invocations=54 (full 0):
 garbage-first heap   total 82944K, used 39581K [0x0000000780000000, 0x0000000800000000)
  region size 1024K, 1 young (1024K), 1 survivors (1024K)
 Metaspace       used 82142K, committed 82816K, reserved 1179648K
  class space    used 11872K, committed 12160K, reserved 1048576K
}
Event: 8570.258 GC heap before
{Heap before GC invocations=54 (full 0):
 garbage-first heap   total 82944K, used 42653K [0x0000000780000000, 0x0000000800000000)
  region size 1024K, 4 young (4096K), 1 survivors (1024K)
 Metaspace       used 82142K, committed 82816K, reserved 1179648K
  class space    used 11872K, committed 12160K, reserved 1048576K
}
Event: 8570.298 GC heap after
{Heap after GC invocations=55 (full 0):
 garbage-first heap   total 82944K, used 38936K [0x0000000780000000, 0x0000000800000000)
  region size 1024K, 1 young (1024K), 1 survivors (1024K)
 Metaspace       used 82142K, committed 82816K, reserved 1179648K
  class space    used 11872K, committed 12160K, reserved 1048576K
}
Event: 9109.430 GC heap before
{Heap before GC invocations=55 (full 0):
 garbage-first heap   total 82944K, used 68632K [0x0000000780000000, 0x0000000800000000)
  region size 1024K, 30 young (30720K), 1 survivors (1024K)
 Metaspace       used 82152K, committed 82816K, reserved 1179648K
  class space    used 11873K, committed 12160K, reserved 1048576K
}
Event: 9109.466 GC heap after
{Heap after GC invocations=56 (full 0):
 garbage-first heap   total 82944K, used 39886K [0x0000000780000000, 0x0000000800000000)
  region size 1024K, 1 young (1024K), 1 survivors (1024K)
 Metaspace       used 82152K, committed 82816K, reserved 1179648K
  class space    used 11873K, committed 12160K, reserved 1048576K
}
Event: 9691.137 GC heap before
{Heap before GC invocations=57 (full 0):
 garbage-first heap   total 82944K, used 69582K [0x0000000780000000, 0x0000000800000000)
  region size 1024K, 30 young (30720K), 1 survivors (1024K)
 Metaspace       used 82152K, committed 82816K, reserved 1179648K
  class space    used 11873K, committed 12160K, reserved 1048576K
}
Event: 9691.157 GC heap after
{Heap after GC invocations=58 (full 0):
 garbage-first heap   total 82944K, used 39831K [0x0000000780000000, 0x0000000800000000)
  region size 1024K, 1 young (1024K), 1 survivors (1024K)
 Metaspace       used 82152K, committed 82816K, reserved 1179648K
  class space    used 11873K, committed 12160K, reserved 1048576K
}
Event: 9760.406 GC heap before
{Heap before GC invocations=58 (full 0):
 garbage-first heap   total 82944K, used 42903K [0x0000000780000000, 0x0000000800000000)
  region size 1024K, 4 young (4096K), 1 survivors (1024K)
 Metaspace       used 82152K, committed 82816K, reserved 1179648K
  class space    used 11873K, committed 12160K, reserved 1048576K
}
Event: 9760.455 GC heap after
{Heap after GC invocations=59 (full 0):
 garbage-first heap   total 82944K, used 39154K [0x0000000780000000, 0x0000000800000000)
  region size 1024K, 1 young (1024K), 1 survivors (1024K)
 Metaspace       used 82152K, committed 82816K, reserved 1179648K
  class space    used 11873K, committed 12160K, reserved 1048576K
}

