# JRE version: Java(TM) SE Runtime Environment (17.0.12+8) (build 17.0.12+8-LTS-286)
# Java VM: Java HotSpot(TM) 64-Bit Server VM (17.0.12+8-LTS-286, mixed mode, emulated-client, sharing, tiered, compressed oops, compressed class ptrs, g1 gc, bsd-amd64)
GC Precious Log:
 CPUs: 8 total, 8 available
 Memory: 8192M
 Large Page Support: Disabled
 NUMA Support: Disabled
 Compressed Oops: Enabled (Zero based)
 Heap Region Size: 1M
 Heap Min Capacity: 8M
 Heap Initial Capacity: 128M
 Heap Max Capacity: 2G
 Pre-touch: Disabled
 Parallel Workers: 8
 Concurrent Workers: 2
 Concurrent Refinement Workers: 8
 Periodic GC: Disabled
Heap:
 garbage-first heap   total 77824K, used 44414K [0x0000000780000000, 0x0000000800000000)
  region size 1024K, 13 young (13312K), 1 survivors (1024K)
 Metaspace       used 69852K, committed 70720K, reserved 1114112K
  class space    used 10150K, committed 10496K, reserved 1048576K
GC Heap History (20 events):
Event: 3484.543 GC heap before
{Heap before GC invocations=27 (full 0):
 garbage-first heap   total 77824K, used 36419K [0x0000000780000000, 0x0000000800000000)
  region size 1024K, 3 young (3072K), 1 survivors (1024K)
 Metaspace       used 69812K, committed 70720K, reserved 1114112K
  class space    used 10140K, committed 10496K, reserved 1048576K
}
Event: 3484.605 GC heap after
{Heap after GC invocations=28 (full 0):
 garbage-first heap   total 77824K, used 33102K [0x0000000780000000, 0x0000000800000000)
  region size 1024K, 1 young (1024K), 1 survivors (1024K)
 Metaspace       used 69812K, committed 70720K, reserved 1114112K
  class space    used 10140K, committed 10496K, reserved 1048576K
}
Event: 4243.965 GC heap before
{Heap before GC invocations=28 (full 0):
 garbage-first heap   total 77824K, used 62798K [0x0000000780000000, 0x0000000800000000)
  region size 1024K, 30 young (30720K), 1 survivors (1024K)
 Metaspace       used 69822K, committed 70720K, reserved 1114112K
  class space    used 10142K, committed 10496K, reserved 1048576K
}
Event: 4244.019 GC heap after
{Heap after GC invocations=29 (full 0):
 garbage-first heap   total 77824K, used 33697K [0x0000000780000000, 0x0000000800000000)
  region size 1024K, 1 young (1024K), 1 survivors (1024K)
 Metaspace       used 69822K, committed 70720K, reserved 1114112K
  class space    used 10142K, committed 10496K, reserved 1048576K
}
Event: 5073.230 GC heap before
{Heap before GC invocations=30 (full 0):
 garbage-first heap   total 77824K, used 63393K [0x0000000780000000, 0x0000000800000000)
  region size 1024K, 30 young (30720K), 1 survivors (1024K)
 Metaspace       used 69822K, committed 70720K, reserved 1114112K
  class space    used 10142K, committed 10496K, reserved 1048576K
}
Event: 5073.286 GC heap after
{Heap after GC invocations=31 (full 0):
 garbage-first heap   total 77824K, used 33704K [0x0000000780000000, 0x0000000800000000)
  region size 1024K, 1 young (1024K), 1 survivors (1024K)
 Metaspace       used 69822K, committed 70720K, reserved 1114112K
  class space    used 10142K, committed 10496K, reserved 1048576K
}
Event: 5129.746 GC heap before
{Heap before GC invocations=31 (full 0):
 garbage-first heap   total 77824K, used 35752K [0x0000000780000000, 0x0000000800000000)
  region size 1024K, 3 young (3072K), 1 survivors (1024K)
 Metaspace       used 69822K, committed 70720K, reserved 1114112K
  class space    used 10142K, committed 10496K, reserved 1048576K
}
Event: 5129.827 GC heap after
{Heap after GC invocations=32 (full 0):
 garbage-first heap   total 77824K, used 32869K [0x0000000780000000, 0x0000000800000000)
  region size 1024K, 1 young (1024K), 1 survivors (1024K)
 Metaspace       used 69822K, committed 70720K, reserved 1114112K
  class space    used 10142K, committed 10496K, reserved 1048576K
}
Event: 5828.954 GC heap before
{Heap before GC invocations=32 (full 0):
 garbage-first heap   total 77824K, used 63589K [0x0000000780000000, 0x0000000800000000)
  region size 1024K, 31 young (31744K), 1 survivors (1024K)
 Metaspace       used 69822K, committed 70720K, reserved 1114112K
  class space    used 10142K, committed 10496K, reserved 1048576K
}
Event: 5828.980 GC heap after
{Heap after GC invocations=33 (full 0):
 garbage-first heap   total 77824K, used 33770K [0x0000000780000000, 0x0000000800000000)
  region size 1024K, 1 young (1024K), 1 survivors (1024K)
 Metaspace       used 69822K, committed 70720K, reserved 1114112K
  class space    used 10142K, committed 10496K, reserved 1048576K
}
Event: 6389.514 GC heap before
{Heap before GC invocations=34 (full 0):
 garbage-first heap   total 77824K, used 64490K [0x0000000780000000, 0x0000000800000000)
  region size 1024K, 31 young (31744K), 1 survivors (1024K)
 Metaspace       used 69815K, committed 70720K, reserved 1114112K
  class space    used 10141K, committed 10496K, reserved 1048576K
}
Event: 6389.557 GC heap after
{Heap after GC invocations=35 (full 0):
 garbage-first heap   total 77824K, used 33803K [0x0000000780000000, 0x0000000800000000)
  region size 1024K, 1 young (1024K), 1 survivors (1024K)
 Metaspace       used 69815K, committed 70720K, reserved 1114112K
  class space    used 10141K, committed 10496K, reserved 1048576K
}
Event: 6443.608 GC heap before
{Heap before GC invocations=35 (full 0):
 garbage-first heap   total 77824K, used 35851K [0x0000000780000000, 0x0000000800000000)
  region size 1024K, 3 young (3072K), 1 survivors (1024K)
 Metaspace       used 69815K, committed 70720K, reserved 1114112K
  class space    used 10141K, committed 10496K, reserved 1048576K
}
Event: 6443.653 GC heap after
{Heap after GC invocations=36 (full 0):
 garbage-first heap   total 77824K, used 33024K [0x0000000780000000, 0x0000000800000000)
  region size 1024K, 1 young (1024K), 1 survivors (1024K)
 Metaspace       used 69815K, committed 70720K, reserved 1114112K
  class space    used 10141K, committed 10496K, reserved 1048576K
}
Event: 7103.098 GC heap before
{Heap before GC invocations=36 (full 0):
 garbage-first heap   total 77824K, used 63744K [0x0000000780000000, 0x0000000800000000)
  region size 1024K, 31 young (31744K), 1 survivors (1024K)
 Metaspace       used 69825K, committed 70720K, reserved 1114112K
  class space    used 10143K, committed 10496K, reserved 1048576K
}
Event: 7103.120 GC heap after
{Heap after GC invocations=37 (full 0):
 garbage-first heap   total 77824K, used 33131K [0x0000000780000000, 0x0000000800000000)
  region size 1024K, 1 young (1024K), 1 survivors (1024K)
 Metaspace       used 69825K, committed 70720K, reserved 1114112K
  class space    used 10143K, committed 10496K, reserved 1048576K
}
Event: 7961.287 GC heap before
{Heap before GC invocations=38 (full 0):
 garbage-first heap   total 77824K, used 63851K [0x0000000780000000, 0x0000000800000000)
  region size 1024K, 31 young (31744K), 1 survivors (1024K)
 Metaspace       used 69832K, committed 70720K, reserved 1114112K
  class space    used 10145K, committed 10496K, reserved 1048576K
}
Event: 7961.317 GC heap after
{Heap after GC invocations=39 (full 0):
 garbage-first heap   total 77824K, used 33580K [0x0000000780000000, 0x0000000800000000)
  region size 1024K, 1 young (1024K), 1 survivors (1024K)
 Metaspace       used 69832K, committed 70720K, reserved 1114112K
  class space    used 10145K, committed 10496K, reserved 1048576K
}
Event: 8031.168 GC heap before
{Heap before GC invocations=39 (full 0):
 garbage-first heap   total 77824K, used 35628K [0x0000000780000000, 0x0000000800000000)
  region size 1024K, 3 young (3072K), 1 survivors (1024K)
 Metaspace       used 69832K, committed 70720K, reserved 1114112K
  class space    used 10145K, committed 10496K, reserved 1048576K
}
Event: 8031.220 GC heap after
{Heap after GC invocations=40 (full 0):
 garbage-first heap   total 77824K, used 33150K [0x0000000780000000, 0x0000000800000000)
  region size 1024K, 1 young (1024K), 1 survivors (1024K)
 Metaspace       used 69832K, committed 70720K, reserved 1114112K
  class space    used 10145K, committed 10496K, reserved 1048576K
}

