# JRE version: Java(TM) SE Runtime Environment (17.0.12+8) (build 17.0.12+8-LTS-286)
# Java VM: Java HotSpot(TM) 64-Bit Server VM (17.0.12+8-LTS-286, mixed mode, emulated-client, sharing, tiered, compressed oops, compressed class ptrs, g1 gc, bsd-amd64)
GC Precious Log:
 CPUs: 8 total, 8 available
 Memory: 8192M
 Large Page Support: Disabled
 NUMA Support: Disabled
 Compressed Oops: Enabled (Zero based)
 Heap Region Size: 1M
 Heap Min Capacity: 8M
 Heap Initial Capacity: 128M
 Heap Max Capacity: 2G
 Pre-touch: Disabled
 Parallel Workers: 8
 Concurrent Workers: 2
 Concurrent Refinement Workers: 8
 Periodic GC: Disabled
Heap:
 garbage-first heap   total 100352K, used 67320K [0x0000000780000000, 0x0000000800000000)
  region size 1024K, 31 young (31744K), 3 survivors (3072K)
 Metaspace       used 78130K, committed 78848K, reserved 1179648K
  class space    used 11473K, committed 11840K, reserved 1048576K
GC Heap History (20 events):
Event: 4.074 GC heap before
{Heap before GC invocations=11 (full 0):
 garbage-first heap   total 82944K, used 61179K [0x0000000780000000, 0x0000000800000000)
  region size 1024K, 37 young (37888K), 2 survivors (2048K)
 Metaspace       used 44410K, committed 44928K, reserved 1114112K
  class space    used 6436K, committed 6656K, reserved 1048576K
}
Event: 4.076 GC heap after
{Heap after GC invocations=12 (full 0):
 garbage-first heap   total 82944K, used 27528K [0x0000000780000000, 0x0000000800000000)
  region size 1024K, 4 young (4096K), 4 survivors (4096K)
 Metaspace       used 44410K, committed 44928K, reserved 1114112K
  class space    used 6436K, committed 6656K, reserved 1048576K
}
Event: 4.100 GC heap before
{Heap before GC invocations=12 (full 0):
 garbage-first heap   total 82944K, used 28552K [0x0000000780000000, 0x0000000800000000)
  region size 1024K, 5 young (5120K), 4 survivors (4096K)
 Metaspace       used 44641K, committed 45184K, reserved 1114112K
  class space    used 6479K, committed 6720K, reserved 1048576K
}
Event: 4.105 GC heap after
{Heap after GC invocations=13 (full 0):
 garbage-first heap   total 82944K, used 27631K [0x0000000780000000, 0x0000000800000000)
  region size 1024K, 1 young (1024K), 1 survivors (1024K)
 Metaspace       used 44641K, committed 45184K, reserved 1114112K
  class space    used 6479K, committed 6720K, reserved 1048576K
}
Event: 4.625 GC heap before
{Heap before GC invocations=13 (full 0):
 garbage-first heap   total 82944K, used 61423K [0x0000000780000000, 0x0000000800000000)
  region size 1024K, 35 young (35840K), 1 survivors (1024K)
 Metaspace       used 50630K, committed 51136K, reserved 1114112K
  class space    used 7323K, committed 7552K, reserved 1048576K
}
Event: 4.629 GC heap after
{Heap after GC invocations=14 (full 0):
 garbage-first heap   total 82944K, used 29427K [0x0000000780000000, 0x0000000800000000)
  region size 1024K, 3 young (3072K), 3 survivors (3072K)
 Metaspace       used 50630K, committed 51136K, reserved 1114112K
  class space    used 7323K, committed 7552K, reserved 1048576K
}
Event: 5.168 GC heap before
{Heap before GC invocations=14 (full 0):
 garbage-first heap   total 82944K, used 62195K [0x0000000780000000, 0x0000000800000000)
  region size 1024K, 35 young (35840K), 3 survivors (3072K)
 Metaspace       used 56962K, committed 57472K, reserved 1114112K
  class space    used 8391K, committed 8640K, reserved 1048576K
}
Event: 5.171 GC heap after
{Heap after GC invocations=15 (full 0):
 garbage-first heap   total 82944K, used 30105K [0x0000000780000000, 0x0000000800000000)
  region size 1024K, 3 young (3072K), 3 survivors (3072K)
 Metaspace       used 56962K, committed 57472K, reserved 1114112K
  class space    used 8391K, committed 8640K, reserved 1048576K
}
Event: 5.465 GC heap before
{Heap before GC invocations=15 (full 0):
 garbage-first heap   total 82944K, used 47513K [0x0000000780000000, 0x0000000800000000)
  region size 1024K, 21 young (21504K), 3 survivors (3072K)
 Metaspace       used 60458K, committed 60928K, reserved 1114112K
  class space    used 8872K, committed 9088K, reserved 1048576K
}
Event: 5.470 GC heap after
{Heap after GC invocations=16 (full 0):
 garbage-first heap   total 82944K, used 31084K [0x0000000780000000, 0x0000000800000000)
  region size 1024K, 2 young (2048K), 2 survivors (2048K)
 Metaspace       used 60458K, committed 60928K, reserved 1114112K
  class space    used 8872K, committed 9088K, reserved 1048576K
}
Event: 5.967 GC heap before
{Heap before GC invocations=17 (full 0):
 garbage-first heap   total 82944K, used 64876K [0x0000000780000000, 0x0000000800000000)
  region size 1024K, 35 young (35840K), 2 survivors (2048K)
 Metaspace       used 64190K, committed 64832K, reserved 1114112K
  class space    used 9463K, committed 9728K, reserved 1048576K
}
Event: 5.971 GC heap after
{Heap after GC invocations=18 (full 0):
 garbage-first heap   total 82944K, used 33638K [0x0000000780000000, 0x0000000800000000)
  region size 1024K, 5 young (5120K), 5 survivors (5120K)
 Metaspace       used 64190K, committed 64832K, reserved 1114112K
  class space    used 9463K, committed 9728K, reserved 1048576K
}
Event: 5.979 GC heap before
{Heap before GC invocations=18 (full 0):
 garbage-first heap   total 82944K, used 34662K [0x0000000780000000, 0x0000000800000000)
  region size 1024K, 6 young (6144K), 5 survivors (5120K)
 Metaspace       used 64215K, committed 64832K, reserved 1114112K
  class space    used 9465K, committed 9728K, reserved 1048576K
}
Event: 5.988 GC heap after
{Heap after GC invocations=19 (full 0):
 garbage-first heap   total 82944K, used 33971K [0x0000000780000000, 0x0000000800000000)
  region size 1024K, 1 young (1024K), 1 survivors (1024K)
 Metaspace       used 64215K, committed 64832K, reserved 1114112K
  class space    used 9465K, committed 9728K, reserved 1048576K
}
Event: 6.482 GC heap before
{Heap before GC invocations=19 (full 0):
 garbage-first heap   total 82944K, used 64691K [0x0000000780000000, 0x0000000800000000)
  region size 1024K, 31 young (31744K), 1 survivors (1024K)
 Metaspace       used 67323K, committed 67904K, reserved 1114112K
  class space    used 9894K, committed 10176K, reserved 1048576K
}
Event: 6.485 GC heap after
{Heap after GC invocations=20 (full 0):
 garbage-first heap   total 100352K, used 35324K [0x0000000780000000, 0x0000000800000000)
  region size 1024K, 3 young (3072K), 3 survivors (3072K)
 Metaspace       used 67323K, committed 67904K, reserved 1114112K
  class space    used 9894K, committed 10176K, reserved 1048576K
}
Event: 6.993 GC heap before
{Heap before GC invocations=20 (full 0):
 garbage-first heap   total 100352K, used 77308K [0x0000000780000000, 0x0000000800000000)
  region size 1024K, 44 young (45056K), 3 survivors (3072K)
 Metaspace       used 69960K, committed 70592K, reserved 1114112K
  class space    used 10288K, committed 10624K, reserved 1048576K
}
Event: 6.997 GC heap after
{Heap after GC invocations=21 (full 0):
 garbage-first heap   total 100352K, used 38820K [0x0000000780000000, 0x0000000800000000)
  region size 1024K, 6 young (6144K), 6 survivors (6144K)
 Metaspace       used 69960K, committed 70592K, reserved 1114112K
  class space    used 10288K, committed 10624K, reserved 1048576K
}
Event: 43.275 GC heap before
{Heap before GC invocations=21 (full 0):
 garbage-first heap   total 100352K, used 77732K [0x0000000780000000, 0x0000000800000000)
  region size 1024K, 45 young (46080K), 6 survivors (6144K)
 Metaspace       used 77304K, committed 77952K, reserved 1179648K
  class space    used 11328K, committed 11648K, reserved 1048576K
}
Event: 43.320 GC heap after
{Heap after GC invocations=22 (full 0):
 garbage-first heap   total 100352K, used 40696K [0x0000000780000000, 0x0000000800000000)
  region size 1024K, 3 young (3072K), 3 survivors (3072K)
 Metaspace       used 77304K, committed 77952K, reserved 1179648K
  class space    used 11328K, committed 11648K, reserved 1048576K
}

